<?xml version="1.0" encoding="UTF-8"?>
<!-- Generated by org.testng.reporters.JUnitXMLReporter -->
<testsuite ignored="0" hostname="LAPTOP-OCMM3AK5" failures="2" tests="4" name="Cucumber test" time="301.055" errors="0" timestamp="2024-01-23T23:28:06 IST">
  <testcase classname="io.cucumber.testng.AbstractTestNGCucumberTests" name="runScenario" time="23.853">
    <skipped/>
  </testcase> <!-- runScenario -->
  <testcase classname="io.cucumber.testng.AbstractTestNGCucumberTests" name="runScenario" time="68.078">
    <failure type="java.lang.AssertionError" message="expected [We have saved your requested books successfully into our system. We will intimate you as soon as book available.] but found [You have requested for this book before.]">
      <![CDATA[java.lang.AssertionError: expected [We have saved your requested books successfully into our system. We will intimate you as soon as book available.] but found [You have requested for this book before.]
at com.BooksWagon.StepDefinition.RequestaBookStepDefinition.request_should_be_notify_to_them(RequestaBookStepDefinition.java:157)
at ✽.request should be notify to them(file:///C:/Users/P%20SREEJA/Downloads/bookswagon/bookswagonprojectrequest/src/test/java/com/BooksWagon/features/RequestABook.feature:12)
... Removed 6 stack frames]]>
    </failure>
  </testcase> <!-- runScenario -->
  <testcase classname="io.cucumber.testng.AbstractTestNGCucumberTests" name="runScenario" time="144.092">
    <skipped/>
  </testcase> <!-- runScenario -->
  <testcase classname="io.cucumber.testng.AbstractTestNGCucumberTests" name="runScenario" time="53.943">
    <failure type="java.lang.ArrayIndexOutOfBoundsException" message="Index 2 out of bounds for length 2">
      <![CDATA[java.lang.ArrayIndexOutOfBoundsException: Index 2 out of bounds for length 2
at com.BooksWagon.StepDefinition.RequestaBookStepDefinition.enter_the_required_data_i_sbn_as_title_as_author_as_phone_as(RequestaBookStepDefinition.java:101)
at ✽.enter the required data iSBN as '' Title as '' Author as ''  Phone as ''(file:///C:/Users/P%20SREEJA/Downloads/bookswagon/bookswagonprojectrequest/src/test/java/com/BooksWagon/features/RequestABook.feature:10)
]]>
    </failure>
  </testcase> <!-- runScenario -->
</testsuite> <!-- Cucumber test -->
