<?xml version="1.0" encoding="UTF-8"?>
<!-- Generated by org.testng.reporters.JUnitXMLReporter -->
<testsuite ignored="0" hostname="LAPTOP-OCMM3AK5" failures="2" tests="6" name="Default test" time="408.86" errors="0" timestamp="2024-01-23T10:18:00 IST">
  <testcase classname="io.cucumber.testng.AbstractTestNGCucumberTests" name="runScenario" time="45.746">
    <skipped/>
  </testcase> <!-- runScenario -->
  <testcase classname="io.cucumber.testng.AbstractTestNGCucumberTests" name="runScenario" time="34.639">
    <skipped/>
  </testcase> <!-- runScenario -->
  <testcase classname="io.cucumber.testng.AbstractTestNGCucumberTests" name="runScenario" time="45.678">
    <failure type="java.lang.ArrayIndexOutOfBoundsException" message="Index 2 out of bounds for length 2">
      <![CDATA[java.lang.ArrayIndexOutOfBoundsException: Index 2 out of bounds for length 2
at com.BooksWagon.StepDefinition.RequestaBookStepDefinition.enter_the_required_data_i_sbn_as_title_as_author_as_phone_as(RequestaBookStepDefinition.java:101)
at ✽.enter the required data iSBN as '' Title as '' Author as ''  Phone as ''(file:///C:/Users/P%20SREEJA/Downloads/bookswagon/bookswagonprojectrequest/src/test/java/com/BooksWagon/features/RequestABook.feature:10)
]]>
    </failure>
  </testcase> <!-- runScenario -->
  <testcase classname="io.cucumber.testng.AbstractTestNGCucumberTests" name="runScenario" time="153.344">
    <skipped/>
  </testcase> <!-- runScenario -->
  <testcase classname="io.cucumber.testng.AbstractTestNGCucumberTests" name="runScenario" time="50.642">
    <skipped/>
  </testcase> <!-- runScenario -->
  <testcase classname="io.cucumber.testng.AbstractTestNGCucumberTests" name="runScenario" time="68.795">
    <failure type="java.lang.ArrayIndexOutOfBoundsException" message="Index 2 out of bounds for length 2">
      <![CDATA[java.lang.ArrayIndexOutOfBoundsException: Index 2 out of bounds for length 2
at com.BooksWagon.StepDefinition.RequestaBookStepDefinition.enter_the_required_data_i_sbn_as_title_as_author_as_phone_as(RequestaBookStepDefinition.java:101)
at ✽.enter the required data iSBN as '' Title as '' Author as ''  Phone as ''(file:///C:/Users/P%20SREEJA/Downloads/bookswagon/bookswagonprojectrequest/src/test/java/com/BooksWagon/features/RequestABook.feature:10)
]]>
    </failure>
  </testcase> <!-- runScenario -->
</testsuite> <!-- Default test -->
